Base path: '/Applications/Unity/Hub/Editor/2019.2.9f1/Unity.app/Contents', plugins path '/Applications/Unity/Hub/Editor/2019.2.9f1/PlaybackEngines'
Cmd: initializeCompiler
Cmd: compileComputeKernel
  api=14 insize=3070 outsize=48467 ok=1
Cmd: translateComputeKernel
  api=14 insize=48467 outsize=85339 ok=1
Cmd: compileComputeKernel
  api=14 insize=10881 outsize=11289 ok=1
Cmd: translateComputeKernel
  api=14 insize=10544 outsize=18402 ok=1
Cmd: compileComputeKernel
  api=9 insize=4855 outsize=7765 ok=1
Cmd: compileComputeKernel
  api=14 insize=4855 outsize=5116 ok=1
Cmd: compileComputeKernel
  api=14 insize=4855 outsize=7304 ok=1
Cmd: translateComputeKernel
  api=14 insize=5372 outsize=7534 ok=1
Cmd: translateComputeKernel
  api=14 insize=7304 outsize=11321 ok=1
Cmd: compileComputeKernel
  api=14 insize=18299 outsize=9678 ok=1
Cmd: compileComputeKernel
  api=14 insize=18299 outsize=11294 ok=1
Cmd: translateComputeKernel
  api=14 insize=9678 outsize=16573 ok=1
Cmd: translateComputeKernel
  api=14 insize=11282 outsize=24776 ok=1
Cmd: translateComputeKernel
  api=14 insize=2124 outsize=3456 ok=1
Cmd: translateComputeKernel
  api=14 insize=1997 outsize=3520 ok=1
Cmd: compileComputeKernel
  api=14 insize=2044 outsize=1472 ok=1
Cmd: translateComputeKernel
  api=14 insize=1472 outsize=2240 ok=1
Cmd: compileSnippet
  api=14 type=1 insize=11538 outsize=3492 kw=FINALPASS pd=UNITY_NO_DXT5nm UNITY_ENABLE_REFLECTION_BUFFERS UNITY_NO_CUBEMAP_ARRAY UNITY_NO_SCREENSPACE_SHADOWS UNITY_PBS_USE_BRDF2 SHADER_API_DESKTOP UNITY_HARDWARE_TIER3 UNITY_COLORSPACE_GAMMA UNITY_LIGHTMAP_DLDR_ENCODING ok=1

Quitting shader compiler process
